<?xml version="1.0" encoding="UTF-8"?>
<testng-results skipped="0" failed="3" ignored="4" total="12" passed="5">
  <reporter-output>
  </reporter-output>
  <suite name="Suite" duration-ms="110320" started-at="2021-03-09T18:07:22 IST" finished-at="2021-03-09T18:09:12 IST">
    <groups>
      <group name="regressionTest">
        <method signature="CreateContact.cretecontactwithORg()[pri:0, instance:com.crm.autodesk.contacttest.CreateContact@76f2b07d]" name="cretecontactwithORg" class="com.crm.autodesk.contacttest.CreateContact"/>
        <method signature="CreateOrganization.createOrgtestWithIndustriesType()[pri:0, instance:com.crm.autodesk.organizationtest.CreateOrganization@704a52ec]" name="createOrgtestWithIndustriesType" class="com.crm.autodesk.organizationtest.CreateOrganization"/>
        <method signature="CreateContact.cretecontactwithORg()[pri:0, instance:com.crm.autodesk.contacttest.CreateContact@2353b3e6]" name="cretecontactwithORg" class="com.crm.autodesk.contacttest.CreateContact"/>
        <method signature="CreateOrganization.createOrgtestWithIndustriesType()[pri:0, instance:com.crm.autodesk.organizationtest.CreateOrganization@631330c]" name="createOrgtestWithIndustriesType" class="com.crm.autodesk.organizationtest.CreateOrganization"/>
      </group> <!-- regressionTest -->
      <group name="smokeTest">
        <method signature="CreateContact.cretecontact()[pri:0, instance:com.crm.autodesk.contacttest.CreateContact@76f2b07d]" name="cretecontact" class="com.crm.autodesk.contacttest.CreateContact"/>
        <method signature="CreateOrganization.createOrgtest()[pri:0, instance:com.crm.autodesk.organizationtest.CreateOrganization@704a52ec]" name="createOrgtest" class="com.crm.autodesk.organizationtest.CreateOrganization"/>
        <method signature="CreateContact.cretecontact()[pri:0, instance:com.crm.autodesk.contacttest.CreateContact@2353b3e6]" name="cretecontact" class="com.crm.autodesk.contacttest.CreateContact"/>
        <method signature="CreateOrganization.createOrgtest()[pri:0, instance:com.crm.autodesk.organizationtest.CreateOrganization@631330c]" name="createOrgtest" class="com.crm.autodesk.organizationtest.CreateOrganization"/>
      </group> <!-- smokeTest -->
    </groups>
    <test name="test-Firefox" duration-ms="109951" started-at="2021-03-09T18:07:22 IST" finished-at="2021-03-09T18:09:12 IST">
      <class name="com.crm.autodesk.organizationtest.CreateOrganization">
        <test-method status="PASS" signature="configBC(java.lang.String)[pri:0, instance:com.crm.autodesk.organizationtest.CreateOrganization@704a52ec]" name="configBC" is-config="true" duration-ms="13728" started-at="2021-03-09T18:08:24 IST" finished-at="2021-03-09T18:08:37 IST">
          <params>
            <param index="0">
              <value>
                <![CDATA[firefox]]>
              </value>
            </param>
          </params>
          <reporter-output>
          </reporter-output>
        </test-method> <!-- configBC -->
        <test-method status="PASS" signature="configBM()[pri:0, instance:com.crm.autodesk.organizationtest.CreateOrganization@704a52ec]" name="configBM" is-config="true" duration-ms="2166" started-at="2021-03-09T18:08:37 IST" finished-at="2021-03-09T18:08:39 IST">
          <reporter-output>
          </reporter-output>
        </test-method> <!-- configBM -->
        <test-method status="PASS" signature="createOrgtest()[pri:0, instance:com.crm.autodesk.organizationtest.CreateOrganization@704a52ec]" name="createOrgtest" duration-ms="12906" started-at="2021-03-09T18:08:39 IST" finished-at="2021-03-09T18:08:52 IST">
          <reporter-output>
          </reporter-output>
        </test-method> <!-- createOrgtest -->
        <test-method status="PASS" signature="configAM()[pri:0, instance:com.crm.autodesk.organizationtest.CreateOrganization@704a52ec]" name="configAM" is-config="true" duration-ms="960" started-at="2021-03-09T18:08:52 IST" finished-at="2021-03-09T18:08:53 IST">
          <reporter-output>
          </reporter-output>
        </test-method> <!-- configAM -->
        <test-method status="PASS" signature="configBM()[pri:0, instance:com.crm.autodesk.organizationtest.CreateOrganization@704a52ec]" name="configBM" is-config="true" duration-ms="2394" started-at="2021-03-09T18:08:53 IST" finished-at="2021-03-09T18:08:56 IST">
          <reporter-output>
          </reporter-output>
        </test-method> <!-- configBM -->
        <test-method status="PASS" signature="createOrgtestWithIndustriesType()[pri:0, instance:com.crm.autodesk.organizationtest.CreateOrganization@704a52ec]" name="createOrgtestWithIndustriesType" duration-ms="10535" started-at="2021-03-09T18:08:56 IST" finished-at="2021-03-09T18:09:06 IST">
          <reporter-output>
          </reporter-output>
        </test-method> <!-- createOrgtestWithIndustriesType -->
        <test-method status="PASS" signature="configAM()[pri:0, instance:com.crm.autodesk.organizationtest.CreateOrganization@704a52ec]" name="configAM" is-config="true" duration-ms="1430" started-at="2021-03-09T18:09:06 IST" finished-at="2021-03-09T18:09:08 IST">
          <reporter-output>
          </reporter-output>
        </test-method> <!-- configAM -->
        <test-method status="PASS" signature="configAC()[pri:0, instance:com.crm.autodesk.organizationtest.CreateOrganization@704a52ec]" name="configAC" is-config="true" duration-ms="4265" started-at="2021-03-09T18:09:08 IST" finished-at="2021-03-09T18:09:12 IST">
          <reporter-output>
          </reporter-output>
        </test-method> <!-- configAC -->
      </class> <!-- com.crm.autodesk.organizationtest.CreateOrganization -->
      <class name="com.crm.autodesk.contacttest.CreateContact">
        <test-method status="PASS" signature="configBC(java.lang.String)[pri:0, instance:com.crm.autodesk.contacttest.CreateContact@76f2b07d]" name="configBC" is-config="true" duration-ms="25448" started-at="2021-03-09T18:07:22 IST" finished-at="2021-03-09T18:07:47 IST">
          <params>
            <param index="0">
              <value>
                <![CDATA[firefox]]>
              </value>
            </param>
          </params>
          <reporter-output>
          </reporter-output>
        </test-method> <!-- configBC -->
        <test-method status="PASS" signature="configBM()[pri:0, instance:com.crm.autodesk.contacttest.CreateContact@76f2b07d]" name="configBM" is-config="true" duration-ms="2630" started-at="2021-03-09T18:07:47 IST" finished-at="2021-03-09T18:07:50 IST">
          <reporter-output>
          </reporter-output>
        </test-method> <!-- configBM -->
        <test-method status="PASS" signature="cretecontact()[pri:0, instance:com.crm.autodesk.contacttest.CreateContact@76f2b07d]" name="cretecontact" duration-ms="12622" started-at="2021-03-09T18:07:50 IST" finished-at="2021-03-09T18:08:03 IST">
          <reporter-output>
          </reporter-output>
        </test-method> <!-- cretecontact -->
        <test-method status="PASS" signature="configAM()[pri:0, instance:com.crm.autodesk.contacttest.CreateContact@76f2b07d]" name="configAM" is-config="true" duration-ms="1687" started-at="2021-03-09T18:08:03 IST" finished-at="2021-03-09T18:08:04 IST">
          <reporter-output>
          </reporter-output>
        </test-method> <!-- configAM -->
        <test-method status="PASS" signature="configBM()[pri:0, instance:com.crm.autodesk.contacttest.CreateContact@76f2b07d]" name="configBM" is-config="true" duration-ms="1807" started-at="2021-03-09T18:08:04 IST" finished-at="2021-03-09T18:08:06 IST">
          <reporter-output>
          </reporter-output>
        </test-method> <!-- configBM -->
        <test-method status="FAIL" signature="cretecontactwithORg()[pri:0, instance:com.crm.autodesk.contacttest.CreateContact@76f2b07d]" name="cretecontactwithORg" duration-ms="15900" started-at="2021-03-09T18:08:06 IST" finished-at="2021-03-09T18:08:22 IST">
          <exception class="org.openqa.selenium.InvalidArgumentException">
            <message>
              <![CDATA[Expected "handle" to be a string, got [object Undefined] undefined
Build info: version: '3.141.59', revision: 'e82be7d358', time: '2018-11-14T08:17:03'
System info: host: 'TY-DEEPAK-TR', ip: '10.10.11.235', os.name: 'Windows 10', os.arch: 'amd64', os.version: '10.0', java.version: '1.8.0_161'
Driver info: org.openqa.selenium.firefox.FirefoxDriver
Capabilities {acceptInsecureCerts: true, browserName: firefox, browserVersion: 86.0, javascriptEnabled: true, moz:accessibilityChecks: false, moz:buildID: 20210222142601, moz:geckodriverVersion: 0.24.0, moz:headless: false, moz:processID: 2684, moz:profile: C:\Users\Deepak\AppData\Loc..., moz:shutdownTimeout: 60000, moz:useNonSpecCompliantPointerOrigin: false, moz:webdriverClick: true, pageLoadStrategy: normal, platform: WINDOWS, platformName: WINDOWS, platformVersion: 10.0, rotatable: false, setWindowRect: true, strictFileInteractability: false, timeouts: {implicit: 0, pageLoad: 300000, script: 30000}, unhandledPromptBehavior: dismiss and notify}
Session ID: 0fd5eb8b-3e4b-4c92-9174-b57a292db44d]]>
            </message>
            <full-stacktrace>
              <![CDATA[org.openqa.selenium.InvalidArgumentException: Expected "handle" to be a string, got [object Undefined] undefined
Build info: version: '3.141.59', revision: 'e82be7d358', time: '2018-11-14T08:17:03'
System info: host: 'TY-DEEPAK-TR', ip: '10.10.11.235', os.name: 'Windows 10', os.arch: 'amd64', os.version: '10.0', java.version: '1.8.0_161'
Driver info: org.openqa.selenium.firefox.FirefoxDriver
Capabilities {acceptInsecureCerts: true, browserName: firefox, browserVersion: 86.0, javascriptEnabled: true, moz:accessibilityChecks: false, moz:buildID: 20210222142601, moz:geckodriverVersion: 0.24.0, moz:headless: false, moz:processID: 2684, moz:profile: C:\Users\Deepak\AppData\Loc..., moz:shutdownTimeout: 60000, moz:useNonSpecCompliantPointerOrigin: false, moz:webdriverClick: true, pageLoadStrategy: normal, platform: WINDOWS, platformName: WINDOWS, platformVersion: 10.0, rotatable: false, setWindowRect: true, strictFileInteractability: false, timeouts: {implicit: 0, pageLoad: 300000, script: 30000}, unhandledPromptBehavior: dismiss and notify}
Session ID: 0fd5eb8b-3e4b-4c92-9174-b57a292db44d
at sun.reflect.NativeConstructorAccessorImpl.newInstance0(Native Method)
at sun.reflect.NativeConstructorAccessorImpl.newInstance(NativeConstructorAccessorImpl.java:62)
at sun.reflect.DelegatingConstructorAccessorImpl.newInstance(DelegatingConstructorAccessorImpl.java:45)
at java.lang.reflect.Constructor.newInstance(Constructor.java:423)
at org.openqa.selenium.remote.http.W3CHttpResponseCodec.createException(W3CHttpResponseCodec.java:187)
at org.openqa.selenium.remote.http.W3CHttpResponseCodec.decode(W3CHttpResponseCodec.java:122)
at org.openqa.selenium.remote.http.W3CHttpResponseCodec.decode(W3CHttpResponseCodec.java:49)
at org.openqa.selenium.remote.HttpCommandExecutor.execute(HttpCommandExecutor.java:158)
at org.openqa.selenium.remote.service.DriverCommandExecutor.execute(DriverCommandExecutor.java:83)
at org.openqa.selenium.remote.RemoteWebDriver.execute(RemoteWebDriver.java:552)
at org.openqa.selenium.remote.RemoteWebDriver$RemoteTargetLocator.window(RemoteWebDriver.java:903)
at com.crm.comcast.genericlib.WebDriverUtiles.swicthToWindow(WebDriverUtiles.java:123)
at com.crm.comcast.objectrepositoryutility.CreateNewConatct.createContact(CreateNewConatct.java:47)
at com.crm.autodesk.contacttest.CreateContact.cretecontactwithORg(CreateContact.java:92)
at sun.reflect.NativeMethodAccessorImpl.invoke0(Native Method)
at sun.reflect.NativeMethodAccessorImpl.invoke(NativeMethodAccessorImpl.java:62)
at sun.reflect.DelegatingMethodAccessorImpl.invoke(DelegatingMethodAccessorImpl.java:43)
at java.lang.reflect.Method.invoke(Method.java:498)
at org.testng.internal.MethodInvocationHelper.invokeMethod(MethodInvocationHelper.java:132)
at org.testng.internal.TestInvoker.invokeMethod(TestInvoker.java:599)
at org.testng.internal.TestInvoker.invokeTestMethod(TestInvoker.java:174)
at org.testng.internal.MethodRunner.runInSequence(MethodRunner.java:46)
at org.testng.internal.TestInvoker$MethodInvocationAgent.invoke(TestInvoker.java:822)
at org.testng.internal.TestInvoker.invokeTestMethods(TestInvoker.java:147)
at org.testng.internal.TestMethodWorker.invokeTestMethods(TestMethodWorker.java:146)
at org.testng.internal.TestMethodWorker.run(TestMethodWorker.java:128)
at java.util.ArrayList.forEach(ArrayList.java:1257)
at org.testng.TestRunner.privateRun(TestRunner.java:764)
at org.testng.TestRunner.run(TestRunner.java:585)
at org.testng.SuiteRunner.runTest(SuiteRunner.java:384)
at org.testng.SuiteRunner.access$000(SuiteRunner.java:28)
at org.testng.SuiteRunner$SuiteWorker.run(SuiteRunner.java:425)
at org.testng.internal.thread.ThreadUtil.lambda$execute$0(ThreadUtil.java:66)
at java.util.concurrent.FutureTask.run(FutureTask.java:266)
at java.util.concurrent.ThreadPoolExecutor.runWorker(ThreadPoolExecutor.java:1149)
at java.util.concurrent.ThreadPoolExecutor$Worker.run(ThreadPoolExecutor.java:624)
at java.lang.Thread.run(Thread.java:748)
]]>
            </full-stacktrace>
          </exception> <!-- org.openqa.selenium.InvalidArgumentException -->
          <reporter-output>
          </reporter-output>
        </test-method> <!-- cretecontactwithORg -->
        <test-method status="PASS" signature="configAM()[pri:0, instance:com.crm.autodesk.contacttest.CreateContact@76f2b07d]" name="configAM" is-config="true" duration-ms="1415" started-at="2021-03-09T18:08:22 IST" finished-at="2021-03-09T18:08:23 IST">
          <reporter-output>
          </reporter-output>
        </test-method> <!-- configAM -->
        <test-method status="PASS" signature="configAC()[pri:0, instance:com.crm.autodesk.contacttest.CreateContact@76f2b07d]" name="configAC" is-config="true" duration-ms="36" started-at="2021-03-09T18:08:23 IST" finished-at="2021-03-09T18:08:24 IST">
          <reporter-output>
          </reporter-output>
        </test-method> <!-- configAC -->
      </class> <!-- com.crm.autodesk.contacttest.CreateContact -->
    </test> <!-- test-Firefox -->
    <test name="test-Chrome" duration-ms="110320" started-at="2021-03-09T18:07:22 IST" finished-at="2021-03-09T18:09:12 IST">
      <class name="com.crm.autodesk.organizationtest.CreateOrganization">
        <test-method status="PASS" signature="configBC(java.lang.String)[pri:0, instance:com.crm.autodesk.organizationtest.CreateOrganization@631330c]" name="configBC" is-config="true" duration-ms="5628" started-at="2021-03-09T18:08:16 IST" finished-at="2021-03-09T18:08:22 IST">
          <params>
            <param index="0">
              <value>
                <![CDATA[chrome]]>
              </value>
            </param>
          </params>
          <reporter-output>
          </reporter-output>
        </test-method> <!-- configBC -->
        <test-method status="PASS" signature="configBM()[pri:0, instance:com.crm.autodesk.organizationtest.CreateOrganization@631330c]" name="configBM" is-config="true" duration-ms="10781" started-at="2021-03-09T18:08:22 IST" finished-at="2021-03-09T18:08:32 IST">
          <reporter-output>
          </reporter-output>
        </test-method> <!-- configBM -->
        <test-method status="FAIL" signature="createOrgtest()[pri:0, instance:com.crm.autodesk.organizationtest.CreateOrganization@631330c]" name="createOrgtest" duration-ms="26211" started-at="2021-03-09T18:08:32 IST" finished-at="2021-03-09T18:08:59 IST">
          <exception class="org.openqa.selenium.NoSuchElementException">
            <message>
              <![CDATA[no such element: Unable to locate element: {"method":"css selector","selector":"*[name='accountname']"}
  (Session info: chrome=88.0.4324.190)
For documentation on this error, please visit: https://www.seleniumhq.org/exceptions/no_such_element.html
Build info: version: '3.141.59', revision: 'e82be7d358', time: '2018-11-14T08:17:03'
System info: host: 'TY-DEEPAK-TR', ip: '10.10.11.235', os.name: 'Windows 10', os.arch: 'amd64', os.version: '10.0', java.version: '1.8.0_161'
Driver info: org.openqa.selenium.chrome.ChromeDriver
Capabilities {acceptInsecureCerts: false, browserName: chrome, browserVersion: 88.0.4324.190, chrome: {chromedriverVersion: 87.0.4280.88 (89e2380a3e36c..., userDataDir: C:\Users\Deepak\AppData\Loc...}, goog:chromeOptions: {debuggerAddress: localhost:51476}, javascriptEnabled: true, networkConnectionEnabled: false, pageLoadStrategy: normal, platform: WINDOWS, platformName: WINDOWS, proxy: Proxy(), setWindowRect: true, strictFileInteractability: false, timeouts: {implicit: 0, pageLoad: 300000, script: 30000}, unhandledPromptBehavior: dismiss and notify, webauthn:virtualAuthenticators: true}
Session ID: 87b35b495ab564a6b853a8b14c19f150
*** Element info: {Using=name, value=accountname}]]>
            </message>
            <full-stacktrace>
              <![CDATA[org.openqa.selenium.NoSuchElementException: no such element: Unable to locate element: {"method":"css selector","selector":"*[name='accountname']"}
  (Session info: chrome=88.0.4324.190)
For documentation on this error, please visit: https://www.seleniumhq.org/exceptions/no_such_element.html
Build info: version: '3.141.59', revision: 'e82be7d358', time: '2018-11-14T08:17:03'
System info: host: 'TY-DEEPAK-TR', ip: '10.10.11.235', os.name: 'Windows 10', os.arch: 'amd64', os.version: '10.0', java.version: '1.8.0_161'
Driver info: org.openqa.selenium.chrome.ChromeDriver
Capabilities {acceptInsecureCerts: false, browserName: chrome, browserVersion: 88.0.4324.190, chrome: {chromedriverVersion: 87.0.4280.88 (89e2380a3e36c..., userDataDir: C:\Users\Deepak\AppData\Loc...}, goog:chromeOptions: {debuggerAddress: localhost:51476}, javascriptEnabled: true, networkConnectionEnabled: false, pageLoadStrategy: normal, platform: WINDOWS, platformName: WINDOWS, proxy: Proxy(), setWindowRect: true, strictFileInteractability: false, timeouts: {implicit: 0, pageLoad: 300000, script: 30000}, unhandledPromptBehavior: dismiss and notify, webauthn:virtualAuthenticators: true}
Session ID: 87b35b495ab564a6b853a8b14c19f150
*** Element info: {Using=name, value=accountname}
at sun.reflect.NativeConstructorAccessorImpl.newInstance0(Native Method)
at sun.reflect.NativeConstructorAccessorImpl.newInstance(NativeConstructorAccessorImpl.java:62)
at sun.reflect.DelegatingConstructorAccessorImpl.newInstance(DelegatingConstructorAccessorImpl.java:45)
at java.lang.reflect.Constructor.newInstance(Constructor.java:423)
at org.openqa.selenium.remote.http.W3CHttpResponseCodec.createException(W3CHttpResponseCodec.java:187)
at org.openqa.selenium.remote.http.W3CHttpResponseCodec.decode(W3CHttpResponseCodec.java:122)
at org.openqa.selenium.remote.http.W3CHttpResponseCodec.decode(W3CHttpResponseCodec.java:49)
at org.openqa.selenium.remote.HttpCommandExecutor.execute(HttpCommandExecutor.java:158)
at org.openqa.selenium.remote.service.DriverCommandExecutor.execute(DriverCommandExecutor.java:83)
at org.openqa.selenium.remote.RemoteWebDriver.execute(RemoteWebDriver.java:552)
at org.openqa.selenium.remote.RemoteWebDriver.findElement(RemoteWebDriver.java:323)
at org.openqa.selenium.remote.RemoteWebDriver.findElementByName(RemoteWebDriver.java:404)
at org.openqa.selenium.By$ByName.findElement(By.java:284)
at org.openqa.selenium.remote.RemoteWebDriver.findElement(RemoteWebDriver.java:315)
at org.openqa.selenium.support.pagefactory.DefaultElementLocator.findElement(DefaultElementLocator.java:69)
at org.openqa.selenium.support.pagefactory.internal.LocatingElementHandler.invoke(LocatingElementHandler.java:38)
at com.sun.proxy.$Proxy15.sendKeys(Unknown Source)
at com.crm.comcast.objectrepositoryutility.CreateNewOrganization.creatOrganization(CreateNewOrganization.java:74)
at com.crm.autodesk.organizationtest.CreateOrganization.createOrgtest(CreateOrganization.java:42)
at sun.reflect.NativeMethodAccessorImpl.invoke0(Native Method)
at sun.reflect.NativeMethodAccessorImpl.invoke(NativeMethodAccessorImpl.java:62)
at sun.reflect.DelegatingMethodAccessorImpl.invoke(DelegatingMethodAccessorImpl.java:43)
at java.lang.reflect.Method.invoke(Method.java:498)
at org.testng.internal.MethodInvocationHelper.invokeMethod(MethodInvocationHelper.java:132)
at org.testng.internal.TestInvoker.invokeMethod(TestInvoker.java:599)
at org.testng.internal.TestInvoker.invokeTestMethod(TestInvoker.java:174)
at org.testng.internal.MethodRunner.runInSequence(MethodRunner.java:46)
at org.testng.internal.TestInvoker$MethodInvocationAgent.invoke(TestInvoker.java:822)
at org.testng.internal.TestInvoker.invokeTestMethods(TestInvoker.java:147)
at org.testng.internal.TestMethodWorker.invokeTestMethods(TestMethodWorker.java:146)
at org.testng.internal.TestMethodWorker.run(TestMethodWorker.java:128)
at java.util.ArrayList.forEach(ArrayList.java:1257)
at org.testng.TestRunner.privateRun(TestRunner.java:764)
at org.testng.TestRunner.run(TestRunner.java:585)
at org.testng.SuiteRunner.runTest(SuiteRunner.java:384)
at org.testng.SuiteRunner.access$000(SuiteRunner.java:28)
at org.testng.SuiteRunner$SuiteWorker.run(SuiteRunner.java:425)
at org.testng.internal.thread.ThreadUtil.lambda$execute$0(ThreadUtil.java:66)
at java.util.concurrent.FutureTask.run(FutureTask.java:266)
at java.util.concurrent.ThreadPoolExecutor.runWorker(ThreadPoolExecutor.java:1149)
at java.util.concurrent.ThreadPoolExecutor$Worker.run(ThreadPoolExecutor.java:624)
at java.lang.Thread.run(Thread.java:748)
]]>
            </full-stacktrace>
          </exception> <!-- org.openqa.selenium.NoSuchElementException -->
          <reporter-output>
          </reporter-output>
        </test-method> <!-- createOrgtest -->
        <test-method status="PASS" signature="configAM()[pri:0, instance:com.crm.autodesk.organizationtest.CreateOrganization@631330c]" name="configAM" is-config="true" duration-ms="1564" started-at="2021-03-09T18:08:59 IST" finished-at="2021-03-09T18:09:00 IST">
          <reporter-output>
          </reporter-output>
        </test-method> <!-- configAM -->
        <test-method status="PASS" signature="configBM()[pri:0, instance:com.crm.autodesk.organizationtest.CreateOrganization@631330c]" name="configBM" is-config="true" duration-ms="2699" started-at="2021-03-09T18:09:00 IST" finished-at="2021-03-09T18:09:03 IST">
          <reporter-output>
          </reporter-output>
        </test-method> <!-- configBM -->
        <test-method status="FAIL" signature="createOrgtestWithIndustriesType()[pri:0, instance:com.crm.autodesk.organizationtest.CreateOrganization@631330c]" name="createOrgtestWithIndustriesType" duration-ms="8201" started-at="2021-03-09T18:09:03 IST" finished-at="2021-03-09T18:09:11 IST">
          <exception class="org.openqa.selenium.ElementClickInterceptedException">
            <message>
              <![CDATA[element click intercepted: Element <input title="Save [Alt+S]" accesskey="S" class="crmbutton small save" onclick="this.form.action.value='Save';  if(formValidate())AjaxDuplicateValidate('Accounts','accountname',this.form);" type="button" name="button" value="  Save  " style="width:70px"> is not clickable at point (471, 231). Other element would receive the click: <td valign="top">...</td>
  (Session info: chrome=88.0.4324.190)
Build info: version: '3.141.59', revision: 'e82be7d358', time: '2018-11-14T08:17:03'
System info: host: 'TY-DEEPAK-TR', ip: '10.10.11.235', os.name: 'Windows 10', os.arch: 'amd64', os.version: '10.0', java.version: '1.8.0_161'
Driver info: org.openqa.selenium.chrome.ChromeDriver
Capabilities {acceptInsecureCerts: false, browserName: chrome, browserVersion: 88.0.4324.190, chrome: {chromedriverVersion: 87.0.4280.88 (89e2380a3e36c..., userDataDir: C:\Users\Deepak\AppData\Loc...}, goog:chromeOptions: {debuggerAddress: localhost:51476}, javascriptEnabled: true, networkConnectionEnabled: false, pageLoadStrategy: normal, platform: WINDOWS, platformName: WINDOWS, proxy: Proxy(), setWindowRect: true, strictFileInteractability: false, timeouts: {implicit: 0, pageLoad: 300000, script: 30000}, unhandledPromptBehavior: dismiss and notify, webauthn:virtualAuthenticators: true}
Session ID: 87b35b495ab564a6b853a8b14c19f150]]>
            </message>
            <full-stacktrace>
              <![CDATA[org.openqa.selenium.ElementClickInterceptedException: element click intercepted: Element <input title="Save [Alt+S]" accesskey="S" class="crmbutton small save" onclick="this.form.action.value='Save';  if(formValidate())AjaxDuplicateValidate('Accounts','accountname',this.form);" type="button" name="button" value="  Save  " style="width:70px"> is not clickable at point (471, 231). Other element would receive the click: <td valign="top">...</td>
  (Session info: chrome=88.0.4324.190)
Build info: version: '3.141.59', revision: 'e82be7d358', time: '2018-11-14T08:17:03'
System info: host: 'TY-DEEPAK-TR', ip: '10.10.11.235', os.name: 'Windows 10', os.arch: 'amd64', os.version: '10.0', java.version: '1.8.0_161'
Driver info: org.openqa.selenium.chrome.ChromeDriver
Capabilities {acceptInsecureCerts: false, browserName: chrome, browserVersion: 88.0.4324.190, chrome: {chromedriverVersion: 87.0.4280.88 (89e2380a3e36c..., userDataDir: C:\Users\Deepak\AppData\Loc...}, goog:chromeOptions: {debuggerAddress: localhost:51476}, javascriptEnabled: true, networkConnectionEnabled: false, pageLoadStrategy: normal, platform: WINDOWS, platformName: WINDOWS, proxy: Proxy(), setWindowRect: true, strictFileInteractability: false, timeouts: {implicit: 0, pageLoad: 300000, script: 30000}, unhandledPromptBehavior: dismiss and notify, webauthn:virtualAuthenticators: true}
Session ID: 87b35b495ab564a6b853a8b14c19f150
at sun.reflect.NativeConstructorAccessorImpl.newInstance0(Native Method)
at sun.reflect.NativeConstructorAccessorImpl.newInstance(NativeConstructorAccessorImpl.java:62)
at sun.reflect.DelegatingConstructorAccessorImpl.newInstance(DelegatingConstructorAccessorImpl.java:45)
at java.lang.reflect.Constructor.newInstance(Constructor.java:423)
at org.openqa.selenium.remote.http.W3CHttpResponseCodec.createException(W3CHttpResponseCodec.java:187)
at org.openqa.selenium.remote.http.W3CHttpResponseCodec.decode(W3CHttpResponseCodec.java:122)
at org.openqa.selenium.remote.http.W3CHttpResponseCodec.decode(W3CHttpResponseCodec.java:49)
at org.openqa.selenium.remote.HttpCommandExecutor.execute(HttpCommandExecutor.java:158)
at org.openqa.selenium.remote.service.DriverCommandExecutor.execute(DriverCommandExecutor.java:83)
at org.openqa.selenium.remote.RemoteWebDriver.execute(RemoteWebDriver.java:552)
at org.openqa.selenium.remote.RemoteWebElement.execute(RemoteWebElement.java:285)
at org.openqa.selenium.remote.RemoteWebElement.click(RemoteWebElement.java:84)
at sun.reflect.GeneratedMethodAccessor1.invoke(Unknown Source)
at sun.reflect.DelegatingMethodAccessorImpl.invoke(DelegatingMethodAccessorImpl.java:43)
at java.lang.reflect.Method.invoke(Method.java:498)
at org.openqa.selenium.support.pagefactory.internal.LocatingElementHandler.invoke(LocatingElementHandler.java:51)
at com.sun.proxy.$Proxy15.click(Unknown Source)
at com.crm.comcast.objectrepositoryutility.CreateNewOrganization.creatOrganization(CreateNewOrganization.java:56)
at com.crm.autodesk.organizationtest.CreateOrganization.createOrgtestWithIndustriesType(CreateOrganization.java:67)
at sun.reflect.NativeMethodAccessorImpl.invoke0(Native Method)
at sun.reflect.NativeMethodAccessorImpl.invoke(NativeMethodAccessorImpl.java:62)
at sun.reflect.DelegatingMethodAccessorImpl.invoke(DelegatingMethodAccessorImpl.java:43)
at java.lang.reflect.Method.invoke(Method.java:498)
at org.testng.internal.MethodInvocationHelper.invokeMethod(MethodInvocationHelper.java:132)
at org.testng.internal.TestInvoker.invokeMethod(TestInvoker.java:599)
at org.testng.internal.TestInvoker.invokeTestMethod(TestInvoker.java:174)
at org.testng.internal.MethodRunner.runInSequence(MethodRunner.java:46)
at org.testng.internal.TestInvoker$MethodInvocationAgent.invoke(TestInvoker.java:822)
at org.testng.internal.TestInvoker.invokeTestMethods(TestInvoker.java:147)
at org.testng.internal.TestMethodWorker.invokeTestMethods(TestMethodWorker.java:146)
at org.testng.internal.TestMethodWorker.run(TestMethodWorker.java:128)
at java.util.ArrayList.forEach(ArrayList.java:1257)
at org.testng.TestRunner.privateRun(TestRunner.java:764)
at org.testng.TestRunner.run(TestRunner.java:585)
at org.testng.SuiteRunner.runTest(SuiteRunner.java:384)
at org.testng.SuiteRunner.access$000(SuiteRunner.java:28)
at org.testng.SuiteRunner$SuiteWorker.run(SuiteRunner.java:425)
at org.testng.internal.thread.ThreadUtil.lambda$execute$0(ThreadUtil.java:66)
at java.util.concurrent.FutureTask.run(FutureTask.java:266)
at java.util.concurrent.ThreadPoolExecutor.runWorker(ThreadPoolExecutor.java:1149)
at java.util.concurrent.ThreadPoolExecutor$Worker.run(ThreadPoolExecutor.java:624)
at java.lang.Thread.run(Thread.java:748)
]]>
            </full-stacktrace>
          </exception> <!-- org.openqa.selenium.ElementClickInterceptedException -->
          <reporter-output>
          </reporter-output>
        </test-method> <!-- createOrgtestWithIndustriesType -->
        <test-method status="PASS" signature="configAM()[pri:0, instance:com.crm.autodesk.organizationtest.CreateOrganization@631330c]" name="configAM" is-config="true" duration-ms="1144" started-at="2021-03-09T18:09:11 IST" finished-at="2021-03-09T18:09:12 IST">
          <reporter-output>
          </reporter-output>
        </test-method> <!-- configAM -->
        <test-method status="PASS" signature="configAC()[pri:0, instance:com.crm.autodesk.organizationtest.CreateOrganization@631330c]" name="configAC" is-config="true" duration-ms="95" started-at="2021-03-09T18:09:12 IST" finished-at="2021-03-09T18:09:12 IST">
          <reporter-output>
          </reporter-output>
        </test-method> <!-- configAC -->
      </class> <!-- com.crm.autodesk.organizationtest.CreateOrganization -->
      <class name="com.crm.autodesk.contacttest.CreateContact">
        <test-method status="PASS" signature="configBS()[pri:0, instance:com.crm.autodesk.contacttest.CreateContact@2353b3e6]" name="configBS" is-config="true" duration-ms="191" started-at="2021-03-09T18:07:22 IST" finished-at="2021-03-09T18:07:22 IST">
          <reporter-output>
          </reporter-output>
        </test-method> <!-- configBS -->
        <test-method status="PASS" signature="configBC(java.lang.String)[pri:0, instance:com.crm.autodesk.contacttest.CreateContact@2353b3e6]" name="configBC" is-config="true" duration-ms="6853" started-at="2021-03-09T18:07:22 IST" finished-at="2021-03-09T18:07:29 IST">
          <params>
            <param index="0">
              <value>
                <![CDATA[chrome]]>
              </value>
            </param>
          </params>
          <reporter-output>
          </reporter-output>
        </test-method> <!-- configBC -->
        <test-method status="PASS" signature="configBM()[pri:0, instance:com.crm.autodesk.contacttest.CreateContact@2353b3e6]" name="configBM" is-config="true" duration-ms="2242" started-at="2021-03-09T18:07:29 IST" finished-at="2021-03-09T18:07:31 IST">
          <reporter-output>
          </reporter-output>
        </test-method> <!-- configBM -->
        <test-method status="PASS" signature="cretecontact()[pri:0, instance:com.crm.autodesk.contacttest.CreateContact@2353b3e6]" name="cretecontact" duration-ms="17054" started-at="2021-03-09T18:07:31 IST" finished-at="2021-03-09T18:07:48 IST">
          <reporter-output>
          </reporter-output>
        </test-method> <!-- cretecontact -->
        <test-method status="PASS" signature="configAM()[pri:0, instance:com.crm.autodesk.contacttest.CreateContact@2353b3e6]" name="configAM" is-config="true" duration-ms="1191" started-at="2021-03-09T18:07:48 IST" finished-at="2021-03-09T18:07:49 IST">
          <reporter-output>
          </reporter-output>
        </test-method> <!-- configAM -->
        <test-method status="PASS" signature="configBM()[pri:0, instance:com.crm.autodesk.contacttest.CreateContact@2353b3e6]" name="configBM" is-config="true" duration-ms="2418" started-at="2021-03-09T18:07:49 IST" finished-at="2021-03-09T18:07:52 IST">
          <reporter-output>
          </reporter-output>
        </test-method> <!-- configBM -->
        <test-method status="PASS" signature="cretecontactwithORg()[pri:0, instance:com.crm.autodesk.contacttest.CreateContact@2353b3e6]" name="cretecontactwithORg" duration-ms="21803" started-at="2021-03-09T18:07:52 IST" finished-at="2021-03-09T18:08:14 IST">
          <reporter-output>
          </reporter-output>
        </test-method> <!-- cretecontactwithORg -->
        <test-method status="PASS" signature="configAM()[pri:0, instance:com.crm.autodesk.contacttest.CreateContact@2353b3e6]" name="configAM" is-config="true" duration-ms="2343" started-at="2021-03-09T18:08:14 IST" finished-at="2021-03-09T18:08:16 IST">
          <reporter-output>
          </reporter-output>
        </test-method> <!-- configAM -->
        <test-method status="PASS" signature="configAC()[pri:0, instance:com.crm.autodesk.contacttest.CreateContact@2353b3e6]" name="configAC" is-config="true" duration-ms="60" started-at="2021-03-09T18:08:16 IST" finished-at="2021-03-09T18:08:16 IST">
          <reporter-output>
          </reporter-output>
        </test-method> <!-- configAC -->
        <test-method status="PASS" signature="configAS()[pri:0, instance:com.crm.autodesk.contacttest.CreateContact@2353b3e6]" name="configAS" is-config="true" duration-ms="7" started-at="2021-03-09T18:09:12 IST" finished-at="2021-03-09T18:09:12 IST">
          <reporter-output>
          </reporter-output>
        </test-method> <!-- configAS -->
      </class> <!-- com.crm.autodesk.contacttest.CreateContact -->
    </test> <!-- test-Chrome -->
  </suite> <!-- Suite -->
</testng-results>
