<?xml version="1.0" encoding="UTF-8"?>
<!-- Generated by org.testng.reporters.JUnitXMLReporter -->
<testsuite hostname="Ty-Deepak-Tr" ignored="2" name="test-Firefox" tests="4" failures="1" timestamp="2021-03-09T18:09:12 IST" time="109.951" errors="0">
  <testcase name="cretecontact" time="12.622" classname="com.crm.autodesk.contacttest.CreateContact"/>
  <testcase name="cretecontactwithORg" time="15.9" classname="com.crm.autodesk.contacttest.CreateContact">
    <failure type="org.openqa.selenium.InvalidArgumentException" message="Expected &amp;quot;handle&amp;quot; to be a string, got [object Undefined] undefined
Build info: version: &amp;apos;3.141.59&amp;apos;, revision: &amp;apos;e82be7d358&amp;apos;, time: &amp;apos;2018-11-14T08:17:03&amp;apos;
System info: host: &amp;apos;TY-DEEPAK-TR&amp;apos;, ip: &amp;apos;10.10.11.235&amp;apos;, os.name: &amp;apos;Windows 10&amp;apos;, os.arch: &amp;apos;amd64&amp;apos;, os.version: &amp;apos;10.0&amp;apos;, java.version: &amp;apos;1.8.0_161&amp;apos;
Driver info: org.openqa.selenium.firefox.FirefoxDriver
Capabilities {acceptInsecureCerts: true, browserName: firefox, browserVersion: 86.0, javascriptEnabled: true, moz:accessibilityChecks: false, moz:buildID: 20210222142601, moz:geckodriverVersion: 0.24.0, moz:headless: false, moz:processID: 2684, moz:profile: C:\Users\Deepak\AppData\Loc..., moz:shutdownTimeout: 60000, moz:useNonSpecCompliantPointerOrigin: false, moz:webdriverClick: true, pageLoadStrategy: normal, platform: WINDOWS, platformName: WINDOWS, platformVersion: 10.0, rotatable: false, setWindowRect: true, strictFileInteractability: false, timeouts: {implicit: 0, pageLoad: 300000, script: 30000}, unhandledPromptBehavior: dismiss and notify}
Session ID: 0fd5eb8b-3e4b-4c92-9174-b57a292db44d">
      <![CDATA[org.openqa.selenium.InvalidArgumentException: Expected "handle" to be a string, got [object Undefined] undefined
Build info: version: '3.141.59', revision: 'e82be7d358', time: '2018-11-14T08:17:03'
System info: host: 'TY-DEEPAK-TR', ip: '10.10.11.235', os.name: 'Windows 10', os.arch: 'amd64', os.version: '10.0', java.version: '1.8.0_161'
Driver info: org.openqa.selenium.firefox.FirefoxDriver
Capabilities {acceptInsecureCerts: true, browserName: firefox, browserVersion: 86.0, javascriptEnabled: true, moz:accessibilityChecks: false, moz:buildID: 20210222142601, moz:geckodriverVersion: 0.24.0, moz:headless: false, moz:processID: 2684, moz:profile: C:\Users\Deepak\AppData\Loc..., moz:shutdownTimeout: 60000, moz:useNonSpecCompliantPointerOrigin: false, moz:webdriverClick: true, pageLoadStrategy: normal, platform: WINDOWS, platformName: WINDOWS, platformVersion: 10.0, rotatable: false, setWindowRect: true, strictFileInteractability: false, timeouts: {implicit: 0, pageLoad: 300000, script: 30000}, unhandledPromptBehavior: dismiss and notify}
Session ID: 0fd5eb8b-3e4b-4c92-9174-b57a292db44d
at org.openqa.selenium.remote.http.W3CHttpResponseCodec.createException(W3CHttpResponseCodec.java:187)
at org.openqa.selenium.remote.http.W3CHttpResponseCodec.decode(W3CHttpResponseCodec.java:122)
at org.openqa.selenium.remote.http.W3CHttpResponseCodec.decode(W3CHttpResponseCodec.java:49)
at org.openqa.selenium.remote.HttpCommandExecutor.execute(HttpCommandExecutor.java:158)
at org.openqa.selenium.remote.service.DriverCommandExecutor.execute(DriverCommandExecutor.java:83)
at org.openqa.selenium.remote.RemoteWebDriver.execute(RemoteWebDriver.java:552)
at org.openqa.selenium.remote.RemoteWebDriver$RemoteTargetLocator.window(RemoteWebDriver.java:903)
at com.crm.comcast.genericlib.WebDriverUtiles.swicthToWindow(WebDriverUtiles.java:123)
at com.crm.comcast.objectrepositoryutility.CreateNewConatct.createContact(CreateNewConatct.java:47)
at com.crm.autodesk.contacttest.CreateContact.cretecontactwithORg(CreateContact.java:92)
at java.util.ArrayList.forEach(ArrayList.java:1257)
at java.util.concurrent.FutureTask.run(FutureTask.java:266)
at java.util.concurrent.ThreadPoolExecutor.runWorker(ThreadPoolExecutor.java:1149)
at java.util.concurrent.ThreadPoolExecutor$Worker.run(ThreadPoolExecutor.java:624)
at java.lang.Thread.run(Thread.java:748)
... Removed 22 stack frames]]>
    </failure>
  </testcase> <!-- cretecontactwithORg -->
  <testcase name="createOrgtest" time="12.906" classname="com.crm.autodesk.organizationtest.CreateOrganization"/>
  <testcase name="createOrgtestWithIndustriesType" time="10.535" classname="com.crm.autodesk.organizationtest.CreateOrganization"/>
  <testcase name="@BeforeSuite configBS" time="0.0" classname="com.crm.comcast.genericlib.BaseClass">
    <ignored/>
  </testcase> <!-- @BeforeSuite configBS -->
  <testcase name="@AfterSuite configAS" time="0.0" classname="com.crm.comcast.genericlib.BaseClass">
    <ignored/>
  </testcase> <!-- @AfterSuite configAS -->
</testsuite> <!-- test-Firefox -->
